<?xml version="1.0" encoding="UTF-8"?>
<Site BuildName="(empty)"
	BuildStamp="20240822-0034-Experimental"
	Name="1"
	Generator="ctest-3.16.3"
	CompilerName="/usr/bin/c++"
	CompilerVersion="9.4.0"
	OSName="Linux"
	Hostname="1"
	OSRelease="5.15.0-117-generic"
	OSVersion="#127~20.04.1-Ubuntu SMP Thu Jul 11 15:36:12 UTC 2024"
	OSPlatform="x86_64"
	Is64Bits="1"
	VendorString="GenuineIntel"
	VendorID="Intel Corporation"
	FamilyID="6"
	ModelID="165"
	ProcessorCacheSize="8192"
	NumberOfLogicalCPU="8"
	NumberOfPhysicalCPU="4"
	TotalVirtualMemory="2047"
	TotalPhysicalMemory="7773"
	LogicalProcessorsPerPhysical="2"
	ProcessorClockFrequency="3729.07"
	>
	<Testing>
		<StartDateTime>Aug 22 00:52 EDT</StartDateTime>
		<StartTestTime>1724302348</StartTestTime>
		<TestList/>
		<EndDateTime>Aug 22 00:52 EDT</EndDateTime>
		<EndTestTime>1724302348</EndTestTime>
		<ElapsedMinutes>0</ElapsedMinutes>
	</Testing>
</Site>
